<?xml version="1.0" encoding="UTF-8"?>
<testng-results ignored="6" total="8" passed="2" failed="0" skipped="0">
  <reporter-output>
  </reporter-output>
  <suite started-at="2020-10-03T23:29:13 SGT" name="testNG" finished-at="2020-10-03T23:29:28 SGT" duration-ms="15367">
    <groups>
      <group name="Regression">
        <method signature="Draggable.dragg()[pri:0, instance:programs.Draggable@43195e57]" name="dragg" class="programs.Draggable"/>
        <method signature="DropDown.dropdown()[pri:0, instance:programs.DropDown@1ab3a8c8]" name="dropdown" class="programs.DropDown"/>
      </group> <!-- Regression -->
    </groups>
    <test started-at="2020-10-03T23:29:13 SGT" name="Test" finished-at="2020-10-03T23:29:28 SGT" duration-ms="15367">
      <class name="programs.DropDown">
        <test-method is-config="true" signature="setUp(java.lang.String)[pri:0, instance:programs.DropDown@1ab3a8c8]" started-at="2020-10-03T23:29:13 SGT" name="setUp" finished-at="2020-10-03T23:29:18 SGT" duration-ms="5603" status="PASS">
          <params>
            <param index="0">
              <value>
                <![CDATA[chrome]]>
              </value>
            </param>
          </params>
          <reporter-output>
          </reporter-output>
        </test-method> <!-- setUp -->
        <test-method signature="dropdown()[pri:0, instance:programs.DropDown@1ab3a8c8]" started-at="2020-10-03T23:29:18 SGT" name="dropdown" finished-at="2020-10-03T23:29:21 SGT" duration-ms="2454" status="PASS">
          <reporter-output>
          </reporter-output>
        </test-method> <!-- dropdown -->
      </class> <!-- programs.DropDown -->
      <class name="programs.Draggable">
        <test-method is-config="true" signature="setUp(java.lang.String)[pri:0, instance:programs.Draggable@43195e57]" started-at="2020-10-03T23:29:21 SGT" name="setUp" finished-at="2020-10-03T23:29:26 SGT" duration-ms="5097" status="PASS">
          <params>
            <param index="0">
              <value>
                <![CDATA[chrome]]>
              </value>
            </param>
          </params>
          <reporter-output>
          </reporter-output>
        </test-method> <!-- setUp -->
        <test-method signature="dragg()[pri:0, instance:programs.Draggable@43195e57]" started-at="2020-10-03T23:29:26 SGT" name="dragg" finished-at="2020-10-03T23:29:28 SGT" duration-ms="2100" status="PASS">
          <reporter-output>
          </reporter-output>
        </test-method> <!-- dragg -->
      </class> <!-- programs.Draggable -->
    </test> <!-- Test -->
  </suite> <!-- testNG -->
</testng-results>
