<?xml version="1.0" encoding="UTF-8"?>
<testng-results ignored="6" total="8" passed="2" failed="0" skipped="0">
  <reporter-output>
  </reporter-output>
  <suite started-at="2020-10-03T00:57:46 SGT" name="testNG" finished-at="2020-10-03T00:58:02 SGT" duration-ms="16447">
    <groups>
      <group name="Sanity">
        <method signature="Buttons.buttons()[pri:0, instance:programs.Buttons@7b2bbc3]" name="buttons" class="programs.Buttons"/>
      </group> <!-- Sanity -->
      <group name="Smoke">
        <method signature="Buttons.buttons()[pri:0, instance:programs.Buttons@7b2bbc3]" name="buttons" class="programs.Buttons"/>
        <method signature="EditFields.editmethods()[pri:0, instance:programs.EditFields@48f2bd5b]" name="editmethods" class="programs.EditFields"/>
      </group> <!-- Smoke -->
    </groups>
    <test started-at="2020-10-03T00:57:46 SGT" name="Test" finished-at="2020-10-03T00:58:02 SGT" duration-ms="16447">
      <class name="programs.Buttons">
        <test-method is-config="true" signature="setUp(java.lang.String)[pri:0, instance:programs.Buttons@7b2bbc3]" started-at="2020-10-03T00:57:55 SGT" name="setUp" finished-at="2020-10-03T00:58:00 SGT" duration-ms="5098" status="PASS">
          <params>
            <param index="0">
              <value>
                <![CDATA[chrome]]>
              </value>
            </param>
          </params>
          <reporter-output>
          </reporter-output>
        </test-method> <!-- setUp -->
        <test-method signature="buttons()[pri:0, instance:programs.Buttons@7b2bbc3]" started-at="2020-10-03T00:58:00 SGT" name="buttons" finished-at="2020-10-03T00:58:02 SGT" duration-ms="2454" status="PASS">
          <reporter-output>
          </reporter-output>
        </test-method> <!-- buttons -->
      </class> <!-- programs.Buttons -->
      <class name="programs.EditFields">
        <test-method is-config="true" signature="setUp(java.lang.String)[pri:0, instance:programs.EditFields@48f2bd5b]" started-at="2020-10-03T00:57:46 SGT" name="setUp" finished-at="2020-10-03T00:57:53 SGT" duration-ms="6896" status="PASS">
          <params>
            <param index="0">
              <value>
                <![CDATA[chrome]]>
              </value>
            </param>
          </params>
          <reporter-output>
          </reporter-output>
        </test-method> <!-- setUp -->
        <test-method signature="editmethods()[pri:0, instance:programs.EditFields@48f2bd5b]" started-at="2020-10-03T00:57:53 SGT" name="editmethods" finished-at="2020-10-03T00:57:55 SGT" duration-ms="1863" status="PASS">
          <reporter-output>
          </reporter-output>
        </test-method> <!-- editmethods -->
      </class> <!-- programs.EditFields -->
    </test> <!-- Test -->
  </suite> <!-- testNG -->
</testng-results>
