<?xml version="1.0" encoding="UTF-8"?>
<!-- Generated by org.testng.reporters.JUnitXMLReporter -->
<testsuite ignored="6" hostname="Sudhayog" failures="0" tests="2" name="Test" time="16.447" errors="0" timestamp="2020-10-03T00:58:02 SGT">
  <testcase classname="programs.EditFields" name="editmethods" time="1.863"/>
  <testcase classname="programs.Buttons" name="buttons" time="2.454"/>
  <testcase classname="programs.Images" name="image" time="0.0">
    <ignored/>
  </testcase> <!-- image -->
  <testcase classname="programs.TestFailedTestCase" name="failureTest" time="0.0">
    <ignored/>
  </testcase> <!-- failureTest -->
  <testcase classname="programs.TestFailedTestCase" name="successTest" time="0.0">
    <ignored/>
  </testcase> <!-- successTest -->
  <testcase classname="programs.Hyperlinks" name="hyperlinks" time="0.0">
    <ignored/>
  </testcase> <!-- hyperlinks -->
  <testcase classname="programs.Draggable" name="dragg" time="0.0">
    <ignored/>
  </testcase> <!-- dragg -->
  <testcase classname="programs.DropDown" name="dropdown" time="0.0">
    <ignored/>
  </testcase> <!-- dropdown -->
</testsuite> <!-- Test -->
