<?xml version="1.0" encoding="UTF-8"?>
<!-- Generated by org.testng.reporters.JUnitXMLReporter -->
<testsuite ignored="6" hostname="Sudhayog" failures="0" tests="2" name="Test" time="15.367" errors="0" timestamp="2020-10-03T23:29:28 SGT">
  <testcase classname="programs.DropDown" name="dropdown" time="2.454"/>
  <testcase classname="programs.Draggable" name="dragg" time="2.1"/>
  <testcase classname="programs.EditFields" name="editmethods" time="0.0">
    <ignored/>
  </testcase> <!-- editmethods -->
  <testcase classname="programs.Buttons" name="buttons" time="0.0">
    <ignored/>
  </testcase> <!-- buttons -->
  <testcase classname="programs.Images" name="image" time="0.0">
    <ignored/>
  </testcase> <!-- image -->
  <testcase classname="programs.TestFailedTestCase" name="failureTest" time="0.0">
    <ignored/>
  </testcase> <!-- failureTest -->
  <testcase classname="programs.TestFailedTestCase" name="successTest" time="0.0">
    <ignored/>
  </testcase> <!-- successTest -->
  <testcase classname="programs.Hyperlinks" name="hyperlinks" time="0.0">
    <ignored/>
  </testcase> <!-- hyperlinks -->
</testsuite> <!-- Test -->
